2024-03-19 14:07:41,340 [Worker-5: Loading available Gradle versions] INFO  o.e.b.c.i.u.g.PublishedGradleVersions - Gradle version information cache is up-to-date. Trying to read.
2024-03-19 14:08:20,721 [Worker-17: Update Maven projects configuration] INFO  o.e.m.c.i.p.ProjectConfigurationManager - Update started
2024-03-19 14:08:21,539 [Worker-17: Update Maven projects configuration] INFO  o.e.m.c.i.l.LifecycleMappingFactory - Using org.eclipse.m2e.jdt.JarLifecycleMapping lifecycle mapping for MavenProject: br.com.springboot:projeto-springoot-restApi:0.0.1-SNAPSHOT @ E:\Eduardo\Formação Java Web Full Stack\Projeto Spring Boot REST API\projeto-springoot-restApi\pom.xml.
2024-03-19 14:08:22,330 [Worker-17: Update Maven projects configuration] INFO  o.e.m.j.i.AbstractJavaProjectConfigurator - Adding source folder /projeto-springoot-restApi/src/main/java
2024-03-19 14:08:22,330 [Worker-17: Update Maven projects configuration] INFO  o.e.m.j.i.AbstractJavaProjectConfigurator - Adding resource folder /projeto-springoot-restApi/src/main/resources
2024-03-19 14:08:22,334 [Worker-17: Update Maven projects configuration] INFO  o.e.m.j.i.AbstractJavaProjectConfigurator - Adding resource folder /projeto-springoot-restApi/src/main/resources
2024-03-19 14:08:22,340 [Worker-17: Update Maven projects configuration] INFO  o.e.m.j.i.AbstractJavaProjectConfigurator - Adding source folder /projeto-springoot-restApi/src/test/java
2024-03-19 14:08:22,341 [Worker-17: Update Maven projects configuration] INFO  o.e.m.j.i.AbstractJavaProjectConfigurator - Adding resource folder /projeto-springoot-restApi/src/test/resources
2024-03-19 14:08:23,102 [Worker-17: Update Maven projects configuration] INFO  o.e.m.c.i.p.ProjectConfigurationManager - Update completed for 1 poms: local refresh takes 0,00 sec, refresh facades takes 1,00 sec, update config takes 0,00 sec 
2024-03-19 14:08:23,314 [Worker-24: Building] INFO  o.a.m.s.f.DefaultMavenResourcesFiltering - Copying 1 resource from src\main\resources to target\classes
2024-03-19 14:08:23,323 [Worker-24: Building] INFO  o.a.m.s.f.DefaultMavenResourcesFiltering - Copying 0 resource from src\main\resources to target\classes
2024-03-19 14:08:23,326 [Worker-24: Building] INFO  o.a.m.s.f.DefaultMavenResourcesFiltering - skip non existing resourceDirectory E:\Eduardo\Formação Java Web Full Stack\Projeto Spring Boot REST API\projeto-springoot-restApi\src\test\resources
2024-03-19 14:09:12,581 [Worker-14: Building] INFO  o.e.m.c.i.l.LifecycleMappingFactory - Using org.eclipse.m2e.jdt.JarLifecycleMapping lifecycle mapping for MavenProject: br.com.springboot:projeto-springoot-restApi:0.0.1-SNAPSHOT @ E:\Eduardo\Formação Java Web Full Stack\Projeto Spring Boot REST API\projeto-springoot-restApi\pom.xml.
2024-03-19 14:09:13,122 [Worker-14: Building] INFO  o.a.m.s.f.DefaultMavenResourcesFiltering - Copying 0 resource from src\main\resources to target\classes
2024-03-19 14:09:13,123 [Worker-14: Building] INFO  o.a.m.s.f.DefaultMavenResourcesFiltering - Copying 0 resource from src\main\resources to target\classes
2024-03-19 14:09:13,126 [Worker-14: Building] INFO  o.a.m.s.f.DefaultMavenResourcesFiltering - skip non existing resourceDirectory E:\Eduardo\Formação Java Web Full Stack\Projeto Spring Boot REST API\projeto-springoot-restApi\src\test\resources
2024-03-19 14:19:47,262 [Worker-23: Building] INFO  o.a.m.s.f.DefaultMavenResourcesFiltering - Copying 1 resource from src\main\resources to target\classes
2024-03-19 14:19:47,276 [Worker-23: Building] INFO  o.a.m.s.f.DefaultMavenResourcesFiltering - Copying 0 resource from src\main\resources to target\classes
2024-03-19 14:19:47,278 [Worker-23: Building] INFO  o.a.m.s.f.DefaultMavenResourcesFiltering - skip non existing resourceDirectory E:\Eduardo\Formação Java Web Full Stack\Projeto Spring Boot REST API\projeto-springoot-restApi\src\test\resources
2024-03-19 14:43:54,517 [Worker-38: Building] INFO  o.a.m.s.f.DefaultMavenResourcesFiltering - Copying 1 resource from src\main\resources to target\classes
2024-03-19 14:43:54,520 [Worker-38: Building] INFO  o.a.m.s.f.DefaultMavenResourcesFiltering - Copying 0 resource from src\main\resources to target\classes
2024-03-19 14:43:54,523 [Worker-38: Building] INFO  o.a.m.s.f.DefaultMavenResourcesFiltering - skip non existing resourceDirectory E:\Eduardo\Formação Java Web Full Stack\Projeto Spring Boot REST API\projeto-springoot-restApi\src\test\resources
2024-03-19 14:44:11,480 [Worker-40: Building] INFO  o.a.m.s.f.DefaultMavenResourcesFiltering - Copying 1 resource from src\main\resources to target\classes
2024-03-19 14:44:11,483 [Worker-40: Building] INFO  o.a.m.s.f.DefaultMavenResourcesFiltering - Copying 0 resource from src\main\resources to target\classes
2024-03-19 14:44:11,486 [Worker-40: Building] INFO  o.a.m.s.f.DefaultMavenResourcesFiltering - skip non existing resourceDirectory E:\Eduardo\Formação Java Web Full Stack\Projeto Spring Boot REST API\projeto-springoot-restApi\src\test\resources
2024-03-19 14:44:18,325 [Worker-40: Building] INFO  o.a.m.s.f.DefaultMavenResourcesFiltering - Copying 1 resource from src\main\resources to target\classes
2024-03-19 14:44:18,328 [Worker-40: Building] INFO  o.a.m.s.f.DefaultMavenResourcesFiltering - Copying 0 resource from src\main\resources to target\classes
2024-03-19 14:44:18,331 [Worker-40: Building] INFO  o.a.m.s.f.DefaultMavenResourcesFiltering - skip non existing resourceDirectory E:\Eduardo\Formação Java Web Full Stack\Projeto Spring Boot REST API\projeto-springoot-restApi\src\test\resources
